#
# There is insufficient memory for the Java Runtime Environment to continue.
# Native memory allocation (mmap) failed to map 134217728 bytes for G1 virtual space
# Possible reasons:
#   The system is out of physical RAM or swap space
#   The process is running with CompressedOops enabled, and the Java Heap may be blocking the growth of the native heap
# Possible solutions:
#   Reduce memory load on the system
#   Increase physical memory or swap space
#   Check if swap backing store is full
#   Decrease Java heap size (-Xmx/-Xms)
#   Decrease number of Java threads
#   Decrease Java thread stack sizes (-Xss)
#   Set larger code cache with -XX:ReservedCodeCacheSize=
#   JVM is running with Unscaled Compressed Oops mode in which the Java heap is
#     placed in the first 4GB address space. The Java Heap base address is the
#     maximum limit for the native heap growth. Please use -XX:HeapBaseMinAddress
#     to set the Java Heap base and to place the Java Heap above 4GB virtual address.
# This output file may be truncated or incomplete.
#
#  Out of Memory Error (os_windows.cpp:3617), pid=3916, tid=19636
#
# JRE version:  (17.0.8.1+1) (build )
# Java VM: OpenJDK 64-Bit Server VM (17.0.8.1+1, mixed mode, sharing, tiered, compressed oops, compressed class ptrs, g1 gc, windows-amd64)
# No core dump will be written. Minidumps are not enabled by default on client versions of Windows
#

---------------  S U M M A R Y ------------

Command Line: -Dfile.encoding=UTF-8 -Dstdout.encoding=UTF-8 -Dstderr.encoding=UTF-8 -XX:+ShowCodeDetailsInExceptionMessages Loops.Exercise1_advanced

Host: Intel(R) Core(TM) i5-7500 CPU @ 3.40GHz, 4 cores, 7G,  Windows 10 , 64 bit Build 18362 (10.0.18362.1110)
Time: Thu Nov  2 14:13:12 2023 שעון רגיל ירושלים elapsed time: 0.011323 seconds (0d 0h 0m 0s)

---------------  T H R E A D  ---------------

Current thread (0x000001ff3e18b450):  JavaThread "Unknown thread" [_thread_in_vm, id=19636, stack(0x000000c7b1500000,0x000000c7b1600000)]

Stack: [0x000000c7b1500000,0x000000c7b1600000]
Native frames: (J=compiled Java code, j=interpreted, Vv=VM code, C=native code)
V  [jvm.dll+0x678b0a]
V  [jvm.dll+0x835e84]
V  [jvm.dll+0x83762e]
V  [jvm.dll+0x837c93]
V  [jvm.dll+0x24746f]
V  [jvm.dll+0x675859]
V  [jvm.dll+0x66a0ea]
V  [jvm.dll+0x306c7b]
V  [jvm.dll+0x30e166]
V  [jvm.dll+0x35dd3e]
V  [jvm.dll+0x35df6f]
V  [jvm.dll+0x2ddb48]
V  [jvm.dll+0x2deab4]
V  [jvm.dll+0x807f31]
V  [jvm.dll+0x36bb21]
V  [jvm.dll+0x7e733c]
V  [jvm.dll+0x3ee4af]
V  [jvm.dll+0x3f00c1]
C  [jli.dll+0x528b]
C  [ucrtbase.dll+0x210b2]
C  [KERNEL32.DLL+0x17c24]
C  [ntdll.dll+0x6d4d1]


---------------  P R O C E S S  ---------------

Threads class SMR info:
_java_thread_list=0x00007ff99760a018, length=0, elements={
}

Java Threads: ( => current thread )

Other Threads:
  0x000001ff3e1e5b90 GCTaskThread "GC Thread#0" [stack: 0x000000c7b1600000,0x000000c7b1700000] [id=21296]
  0x000001ff3e1f6620 ConcurrentGCThread "G1 Main Marker" [stack: 0x000000c7b1700000,0x000000c7b1800000] [id=15856]
  0x000001ff3e1f6f30 ConcurrentGCThread "G1 Conc#0" [stack: 0x000000c7b1800000,0x000000c7b1900000] [id=4236]

[error occurred during error reporting (printing all threads), id 0xc0000005, EXCEPTION_ACCESS_VIOLATION (0xc0000005) at pc=0x00007ff996dde587]

VM state: not at safepoint (not fully initialized)

VM Mutex/Monitor currently owned by a thread:  ([mutex/lock_event])
[0x000001ff3e187770] Heap_lock - owner thread: 0x000001ff3e18b450

Heap address: 0x0000000081e00000, size: 2018 MB, Compressed Oops mode: 32-bit

CDS archive(s) mapped at: [0x0000000000000000-0x0000000000000000-0x0000000000000000), size 0, SharedBaseAddress: 0x0000000800000000, ArchiveRelocationMode: 1.
Narrow klass base: 0x0000000000000000, Narrow klass shift: 0, Narrow klass range: 0x0

GC Precious Log:
<Empty>

Heap:
 garbage-first heap   total 0K, used 0K [0x0000000081e00000, 0x0000000100000000)
  region size 1024K, 0 young (0K), 0 survivors (0K)

[error occurred during error reporting (printing heap information), id 0xc0000005, EXCEPTION_ACCESS_VIOLATION (0xc0000005) at pc=0x00007ff9971c2699]

GC Heap History (0 events):
No events

Dll operation events (1 events):
Event: 0.007 Loaded shared library C:\eclipse\plugins\org.eclipse.justj.openjdk.hotspot.jre.full.win32.x86_64_17.0.8.v20230831-1047\jre\bin\java.dll

Deoptimization events (0 events):
No events

Classes unloaded (0 events):
No events

Classes redefined (0 events):
No events

Internal exceptions (0 events):
No events

VM Operations (0 events):
No events

Events (0 events):
No events


Dynamic libraries:
0x00007ff6e3ee0000 - 0x00007ff6e3eee000 	C:\eclipse\plugins\org.eclipse.justj.openjdk.hotspot.jre.full.win32.x86_64_17.0.8.v20230831-1047\jre\bin\javaw.exe
0x00007ffa12520000 - 0x00007ffa12710000 	C:\WINDOWS\SYSTEM32\ntdll.dll
0x00007ffa10d10000 - 0x00007ffa10dc2000 	C:\WINDOWS\System32\KERNEL32.DLL
0x00007ffa0ff00000 - 0x00007ffa101a5000 	C:\WINDOWS\System32\KERNELBASE.dll
0x00007ffa104a0000 - 0x00007ffa1059a000 	C:\WINDOWS\System32\ucrtbase.dll
0x00007ffa015a0000 - 0x00007ffa015b7000 	C:\eclipse\plugins\org.eclipse.justj.openjdk.hotspot.jre.full.win32.x86_64_17.0.8.v20230831-1047\jre\bin\jli.dll
0x00007ffa107e0000 - 0x00007ffa10974000 	C:\WINDOWS\System32\USER32.dll
0x00007ffa0f690000 - 0x00007ffa0f6b1000 	C:\WINDOWS\System32\win32u.dll
0x00007ffa11990000 - 0x00007ffa119b6000 	C:\WINDOWS\System32\GDI32.dll
0x00007ffa10300000 - 0x00007ffa10496000 	C:\WINDOWS\System32\gdi32full.dll
0x00007ffa101d0000 - 0x00007ffa1026e000 	C:\WINDOWS\System32\msvcp_win.dll
0x00007ffa05230000 - 0x00007ffa05249000 	C:\eclipse\plugins\org.eclipse.justj.openjdk.hotspot.jre.full.win32.x86_64_17.0.8.v20230831-1047\jre\bin\VCRUNTIME140.dll
0x00007ff9f3d40000 - 0x00007ff9f3fc4000 	C:\WINDOWS\WinSxS\amd64_microsoft.windows.common-controls_6595b64144ccf1df_6.0.18362.1256_none_9e7e379be45e40e2\COMCTL32.dll
0x00007ffa10a30000 - 0x00007ffa10ace000 	C:\WINDOWS\System32\msvcrt.dll
0x00007ffa11a20000 - 0x00007ffa11d56000 	C:\WINDOWS\System32\combase.dll
0x00007ffa11180000 - 0x00007ffa112a0000 	C:\WINDOWS\System32\RPCRT4.dll
0x00007ffa10270000 - 0x00007ffa102f1000 	C:\WINDOWS\System32\bcryptPrimitives.dll
0x00007ffa10e40000 - 0x00007ffa10e6e000 	C:\WINDOWS\System32\IMM32.DLL
0x00007ffa0b5b0000 - 0x00007ffa0b5bc000 	C:\eclipse\plugins\org.eclipse.justj.openjdk.hotspot.jre.full.win32.x86_64_17.0.8.v20230831-1047\jre\bin\vcruntime140_1.dll
0x00007ff9f0ca0000 - 0x00007ff9f0d31000 	C:\eclipse\plugins\org.eclipse.justj.openjdk.hotspot.jre.full.win32.x86_64_17.0.8.v20230831-1047\jre\bin\msvcp140.dll
0x00007ff996af0000 - 0x00007ff99773c000 	C:\eclipse\plugins\org.eclipse.justj.openjdk.hotspot.jre.full.win32.x86_64_17.0.8.v20230831-1047\jre\bin\server\jvm.dll
0x00007ffa10980000 - 0x00007ffa10a23000 	C:\WINDOWS\System32\ADVAPI32.dll
0x00007ffa10f20000 - 0x00007ffa10fb7000 	C:\WINDOWS\System32\sechost.dll
0x00007ffa0f440000 - 0x00007ffa0f48a000 	C:\WINDOWS\System32\POWRPROF.dll
0x00007ffa0f3c0000 - 0x00007ffa0f3d0000 	C:\WINDOWS\System32\UMPDC.dll
0x00007ff9fba00000 - 0x00007ff9fba09000 	C:\WINDOWS\SYSTEM32\WSOCK32.dll
0x00007ffa10dd0000 - 0x00007ffa10e3f000 	C:\WINDOWS\System32\WS2_32.dll
0x00007ffa0d4f0000 - 0x00007ffa0d514000 	C:\WINDOWS\SYSTEM32\WINMM.dll
0x00007ffa0ab20000 - 0x00007ffa0ab2a000 	C:\WINDOWS\SYSTEM32\VERSION.dll
0x00007ffa0d4c0000 - 0x00007ffa0d4ed000 	C:\WINDOWS\SYSTEM32\WINMMBASE.dll
0x00007ffa0f6c0000 - 0x00007ffa0f70a000 	C:\WINDOWS\System32\cfgmgr32.dll
0x00007ffa0f3d0000 - 0x00007ffa0f3e1000 	C:\WINDOWS\System32\kernel.appcore.dll
0x00007ffa05250000 - 0x00007ffa0525a000 	C:\eclipse\plugins\org.eclipse.justj.openjdk.hotspot.jre.full.win32.x86_64_17.0.8.v20230831-1047\jre\bin\jimage.dll
0x00007ffa05800000 - 0x00007ffa059f4000 	C:\WINDOWS\SYSTEM32\DBGHELP.DLL
0x00007ffa05740000 - 0x00007ffa0576a000 	C:\WINDOWS\SYSTEM32\dbgcore.DLL
0x00007ffa01d50000 - 0x00007ffa01d75000 	C:\eclipse\plugins\org.eclipse.justj.openjdk.hotspot.jre.full.win32.x86_64_17.0.8.v20230831-1047\jre\bin\java.dll

dbghelp: loaded successfully - version: 4.0.5 - missing functions: none
symbol engine: initialized successfully - sym options: 0x614 - pdb path: .;C:\eclipse\plugins\org.eclipse.justj.openjdk.hotspot.jre.full.win32.x86_64_17.0.8.v20230831-1047\jre\bin;C:\WINDOWS\SYSTEM32;C:\WINDOWS\WinSxS\amd64_microsoft.windows.common-controls_6595b64144ccf1df_6.0.18362.1256_none_9e7e379be45e40e2;C:\eclipse\plugins\org.eclipse.justj.openjdk.hotspot.jre.full.win32.x86_64_17.0.8.v20230831-1047\jre\bin\server

VM Arguments:
jvm_args: -Dfile.encoding=UTF-8 -Dstdout.encoding=UTF-8 -Dstderr.encoding=UTF-8 -XX:+ShowCodeDetailsInExceptionMessages 
java_command: Loops.Exercise1_advanced
java_class_path (initial): C:\Users\tzachc\Desktop\QAצח לימודים\תוכנות לימודים\Eclipse\TzachFirstProject\bin
Launcher Type: SUN_STANDARD

[Global flags]
     intx CICompilerCount                          = 3                                         {product} {ergonomic}
     uint ConcGCThreads                            = 1                                         {product} {ergonomic}
     uint G1ConcRefinementThreads                  = 4                                         {product} {ergonomic}
   size_t G1HeapRegionSize                         = 1048576                                   {product} {ergonomic}
    uintx GCDrainStackTargetSize                   = 64                                        {product} {ergonomic}
   size_t InitialHeapSize                          = 134217728                                 {product} {ergonomic}
   size_t MarkStackSize                            = 4194304                                   {product} {ergonomic}
   size_t MaxHeapSize                              = 2116026368                                {product} {ergonomic}
   size_t MinHeapDeltaBytes                        = 1048576                                   {product} {ergonomic}
   size_t MinHeapSize                              = 8388608                                   {product} {ergonomic}
    uintx NonNMethodCodeHeapSize                   = 5832780                                {pd product} {ergonomic}
    uintx NonProfiledCodeHeapSize                  = 122912730                              {pd product} {ergonomic}
    uintx ProfiledCodeHeapSize                     = 122912730                              {pd product} {ergonomic}
    uintx ReservedCodeCacheSize                    = 251658240                              {pd product} {ergonomic}
     bool SegmentedCodeCache                       = true                                      {product} {ergonomic}
     bool ShowCodeDetailsInExceptionMessages       = true                                   {manageable} {command line}
   size_t SoftMaxHeapSize                          = 2116026368                             {manageable} {ergonomic}
     bool UseCompressedClassPointers               = true                           {product lp64_product} {ergonomic}
     bool UseCompressedOops                        = true                           {product lp64_product} {ergonomic}
     bool UseG1GC                                  = true                                      {product} {ergonomic}
     bool UseLargePagesIndividualAllocation        = false                                  {pd product} {ergonomic}

Logging:
Log output configuration:
 #0: stdout all=warning uptime,level,tags
 #1: stderr all=off uptime,level,tags

Environment Variables:
PATH=C:/eclipse//plugins/org.eclipse.justj.openjdk.hotspot.jre.full.win32.x86_64_17.0.8.v20230831-1047/jre/bin/server;C:/eclipse//plugins/org.eclipse.justj.openjdk.hotspot.jre.full.win32.x86_64_17.0.8.v20230831-1047/jre/bin;C:\Program Files\Eclipse Adoptium\jre-21.0.0.35-hotspot\bin;C:\Program Files\Eclipse Adoptium\jdk-21.0.0.35-hotspot\bin;C:\Program Files\Eclipse Adoptium\jdk-17.0.8.101-hotspot\bin;C:\WINDOWS\system32;C:\WINDOWS;C:\WINDOWS\System32\Wbem;C:\WINDOWS\System32\WindowsPowerShell\v1.0\;C:\WINDOWS\System32\OpenSSH\;C:\Users\tzachc\AppData\Local\Microsoft\WindowsApps;;C:\eclipse;
USERNAME=tzachc
OS=Windows_NT
PROCESSOR_IDENTIFIER=Intel64 Family 6 Model 158 Stepping 9, GenuineIntel
TMP=C:\Users\tzachc\AppData\Local\Temp
TEMP=C:\Users\tzachc\AppData\Local\Temp



---------------  S Y S T E M  ---------------

OS:
 Windows 10 , 64 bit Build 18362 (10.0.18362.1110)
OS uptime: 17 days 6:08 hours

CPU: total 4 (initial active 4) (4 cores per cpu, 1 threads per core) family 6 model 158 stepping 9 microcode 0x8e, cx8, cmov, fxsr, mmx, 3dnowpref, sse, sse2, sse3, ssse3, sse4.1, sse4.2, popcnt, lzcnt, tsc, tscinvbit, avx, avx2, aes, erms, clmul, bmi1, bmi2, rtm, adx, fma, vzeroupper, clflush, clflushopt
Processor Information for all 4 processors :
  Max Mhz: 3408, Current Mhz: 3408, Mhz Limit: 3408

Memory: 4k page, system-wide physical 8071M (1413M free)
TotalPageFile size 20571M (AvailPageFile size 110M)
current process WorkingSet (physical memory assigned to process): 10M, peak: 10M
current process commit charge ("private bytes"): 51M, peak: 179M

vm_info: OpenJDK 64-Bit Server VM (17.0.8.1+1) for windows-amd64 JRE (17.0.8.1+1), built on Aug 23 2023 15:29:17 by "admin" with MS VC++ 16.7 (VS2019)

END.
